<?xml version="1.0" encoding="UTF-8"?>
<!-- Generated by org.testng.reporters.JUnitReportReporter -->
<testsuite hostname="G1-5CD6329QN3-L" failures="0" tests="1" name="DemoAppForAzure.AzureApp.AppTest" time="11.092" errors="0" timestamp="06 Mar 2019 05:38:33 GMT" skipped="0">
  <testcase classname="DemoAppForAzure.AzureApp.AppTest" name="testAppForWeb" time="11.092"/>
</testsuite> <!-- DemoAppForAzure.AzureApp.AppTest -->
